{"name":"faldax","level":"ERROR","@timestamp":"2019-09-30T10:49:12.374Z","@version":0,"message":"error occured in this function"}
{"name":"faldax","level":"ERROR","@timestamp":"2019-09-30T10:49:30.885Z","@version":0,"message":"error occured in this function"}
{"name":"faldax","level":"ERROR","@timestamp":"2019-09-30T10:50:20.594Z","@version":0,"message":"error occured in this function"}
{"name":"faldax","level":"ERROR","err":{"message":"Query failed: missing FROM-clause entry for table \"simplex_trade_history\"","name":"Error","stack":"Error: Query failed: missing FROM-clause entry for table \"simplex_trade_history\"\n    at Object.queryFailed (/Users/mansi/faldax/faldax-nodejs/node_modules/sails-hook-orm/lib/datastore-method-utils/help-send-native-query.js:100:14)\n    at /Users/mansi/faldax/faldax-nodejs/node_modules/machine/lib/private/help-build-machine.js:1509:52\n    at proceedToFinalAfterExecLC (/Users/mansi/faldax/faldax-nodejs/node_modules/parley/lib/private/Deferred.js:1153:14)\n    at proceedToInterceptsAndChecks (/Users/mansi/faldax/faldax-nodejs/node_modules/parley/lib/private/Deferred.js:913:12)\n    at proceedToAfterExecSpinlocks (/Users/mansi/faldax/faldax-nodejs/node_modules/parley/lib/private/Deferred.js:845:10)\n    at /Users/mansi/faldax/faldax-nodejs/node_modules/parley/lib/private/Deferred.js:303:7\n    at /Users/mansi/faldax/faldax-nodejs/node_modules/machine/lib/private/help-build-machine.js:952:35\n    at Function.handlerCbs.(anonymous function) [as queryFailed] (/Users/mansi/faldax/faldax-nodejs/node_modules/machine/lib/private/help-build-machine.js:945:28)\n    at Query.query [as callback] (/Users/mansi/faldax/faldax-nodejs/node_modules/machinepack-postgresql/machines/send-native-query.js:116:22)\n    at Query.handleError (/Users/mansi/faldax/faldax-nodejs/node_modules/pg/lib/query.js:141:17)\n    at Connection.<anonymous> (/Users/mansi/faldax/faldax-nodejs/node_modules/pg/lib/client.js:180:26)\n    at Connection.emit (events.js:180:13)\n    at Connection.emit (domain.js:422:20)\n    at Socket.<anonymous> (/Users/mansi/faldax/faldax-nodejs/node_modules/pg/lib/connection.js:136:12)\n    at Socket.emit (events.js:180:13)\n    at Socket.emit (domain.js:422:20)\n    at addChunk (_stream_readable.js:274:12)\n    at readableAddChunk (_stream_readable.js:261:11)\n    at Socket.Readable.push (_stream_readable.js:218:10)\n    at TCP.onread (net.js:581:20)","code":"E_QUERY_FAILED"},"@timestamp":"2019-09-30T10:53:23.253Z","@version":0,"message":"error occured in this function"}
{"name":"faldax","level":"ERROR","@timestamp":"2019-09-30T10:57:20.377Z","@version":0,"message":"Query failed: missing FROM-clause entry for table \"simplex_trade_history\""}
{"name":"faldax","level":"ERROR","@timestamp":"2019-09-30T11:28:36.839Z","@version":0,"message":"Unexpected error from database adapter: column \"0\" does not exist"}
{"name":"faldax","level":"ERROR","@timestamp":"2019-09-30T11:54:11.738Z","@version":0,"message":"Unexpected error from database adapter: column \"0\" does not exist"}
{"name":"faldax","level":"ERROR","@timestamp":"2019-10-01T04:12:18.617Z","@version":0,"message":"Unexpected error from database adapter: column \"0\" does not exist"}
{"name":"faldax","level":"ERROR","@timestamp":"2019-10-01T04:42:13.695Z","@version":0,"message":"Unexpected error from database adapter: column \"0\" does not exist"}
{"name":"faldax","level":"ERROR","@timestamp":"2019-10-01T12:08:30.424Z","@version":0,"message":"i is not defined"}
{"name":"faldax","level":"ERROR","@timestamp":"2019-10-02T08:11:38.362Z","@version":0,"message":"Unexpected error from database adapter: column \"0\" does not exist"}
{"name":"faldax","level":"ERROR","@timestamp":"2019-10-02T08:13:17.658Z","@version":0,"message":"Unexpected error from database adapter: column \"0\" does not exist"}
{"name":"faldax","level":"ERROR","@timestamp":"2019-10-02T08:14:08.257Z","@version":0,"message":"Unexpected error from database adapter: column \"0\" does not exist"}
{"name":"faldax","level":"ERROR","@timestamp":"2019-10-02T11:49:11.642Z","@version":0,"message":"Unexpected error from database adapter: column \"0\" does not exist"}
{"name":"faldax","level":"ERROR","@timestamp":"2019-10-02T11:52:22.509Z","@version":0,"message":"Unexpected error from database adapter: column \"0\" does not exist"}
{"name":"faldax","level":"ERROR","@timestamp":"2019-10-02T11:52:37.777Z","@version":0,"message":"Unexpected error from database adapter: column \"0\" does not exist"}
{"name":"faldax","level":"ERROR","@timestamp":"2019-10-02T11:53:42.644Z","@version":0,"message":"Unexpected error from database adapter: column \"0\" does not exist"}
{"name":"faldax","level":"ERROR","@timestamp":"2019-10-02T11:53:48.040Z","@version":0,"message":"Unexpected error from database adapter: column \"0\" does not exist"}
{"name":"faldax","level":"ERROR","@timestamp":"2019-10-02T11:56:10.014Z","@version":0,"message":"Unexpected error from database adapter: column \"0\" does not exist"}
{"name":"faldax","level":"ERROR","@timestamp":"2019-10-02T11:56:25.903Z","@version":0,"message":"Unexpected error from database adapter: column \"0\" does not exist"}
{"name":"faldax","level":"ERROR","@timestamp":"2019-10-02T12:07:38.209Z","@version":0,"message":"Cannot read property 'push' of undefined"}
{"name":"faldax","level":"ERROR","@timestamp":"2019-10-03T08:20:34.922Z","@version":0,"message":"Query failed: syntax error at or near \"ORDER\""}
{"name":"faldax","level":"ERROR","@timestamp":"2019-10-03T08:51:53.247Z","@version":0,"message":"email is not defined"}
{"name":"faldax","level":"ERROR","@timestamp":"2019-10-03T09:12:37.164Z","@version":0,"message":"Cannot read property 'join' of undefined"}
{"name":"faldax","level":"ERROR","@timestamp":"2019-10-03T09:14:47.101Z","@version":0,"message":"usersEmail is not defined"}
{"name":"faldax","level":"ERROR","@timestamp":"2019-10-03T09:16:22.257Z","@version":0,"message":"usersEmail is not defined"}
{"name":"faldax","level":"ERROR","@timestamp":"2019-10-03T09:25:35.680Z","@version":0,"message":"Could not run formatEmail() because of a problem:\n------------------------------------------------------\n• \"data\" is required, but it was not defined.\n------------------------------------------------------\n\nPlease adjust your usage and try again.\n [?] See https://sailsjs.com/support for help."}
{"name":"faldax","level":"ERROR","@timestamp":"2019-10-03T09:29:43.769Z","@version":0,"message":"Could not run formatEmail() because of a problem:\n------------------------------------------------------\n• \"data\" is required, but it was not defined.\n------------------------------------------------------\n\nPlease adjust your usage and try again.\n [?] See https://sailsjs.com/support for help."}
{"name":"faldax","level":"ERROR","@timestamp":"2019-10-04T08:57:56.453Z","@version":0,"message":"Unexpected token u in JSON at position 0"}
{"name":"faldax","level":"ERROR","@timestamp":"2019-10-09T03:38:01.363Z","@version":0,"message":"currencyData is not defined"}
{"name":"faldax","level":"ERROR","@timestamp":"2019-10-09T03:39:01.382Z","@version":0,"message":"currencyData is not defined"}
{"name":"faldax","level":"ERROR","@timestamp":"2019-10-09T03:40:01.700Z","@version":0,"message":"currencyData is not defined"}
{"name":"faldax","level":"ERROR","@timestamp":"2019-10-09T03:41:01.809Z","@version":0,"message":"currencyData is not defined"}
{"name":"faldax","level":"ERROR","@timestamp":"2019-10-09T03:42:01.763Z","@version":0,"message":"currencyData is not defined"}
{"name":"faldax","level":"ERROR","@timestamp":"2019-10-09T03:43:01.774Z","@version":0,"message":"currencyData is not defined"}
{"name":"faldax","level":"ERROR","@timestamp":"2019-10-09T03:45:02.051Z","@version":0,"message":"currencyData is not defined"}
{"name":"faldax","level":"ERROR","@timestamp":"2019-10-09T03:46:01.962Z","@version":0,"message":"currencyData is not defined"}
{"name":"faldax","level":"ERROR","@timestamp":"2019-10-09T03:47:02.273Z","@version":0,"message":"currencyData is not defined"}
{"name":"faldax","level":"ERROR","@timestamp":"2019-10-09T03:48:01.992Z","@version":0,"message":"currencyData is not defined"}
{"name":"faldax","level":"ERROR","@timestamp":"2019-10-09T03:49:02.010Z","@version":0,"message":"currencyData is not defined"}
{"name":"faldax","level":"ERROR","@timestamp":"2019-10-09T03:50:01.284Z","@version":0,"message":"currencyData is not defined"}
{"name":"faldax","level":"ERROR","@timestamp":"2019-10-09T03:51:01.285Z","@version":0,"message":"currencyData is not defined"}
{"name":"faldax","level":"ERROR","@timestamp":"2019-10-09T03:52:01.248Z","@version":0,"message":"currencyData is not defined"}
{"name":"faldax","level":"ERROR","@timestamp":"2019-10-09T03:53:01.269Z","@version":0,"message":"currencyData is not defined"}
{"name":"faldax","level":"ERROR","@timestamp":"2019-10-09T03:54:01.275Z","@version":0,"message":"currencyData is not defined"}
{"name":"faldax","level":"ERROR","@timestamp":"2019-10-09T03:55:01.295Z","@version":0,"message":"currencyData is not defined"}
{"name":"faldax","level":"ERROR","@timestamp":"2019-10-09T03:56:01.781Z","@version":0,"message":"currencyData is not defined"}
{"name":"faldax","level":"ERROR","@timestamp":"2019-10-09T03:57:01.592Z","@version":0,"message":"currencyData is not defined"}
{"name":"faldax","level":"ERROR","@timestamp":"2019-10-09T03:58:01.510Z","@version":0,"message":"currencyData is not defined"}
{"name":"faldax","level":"ERROR","@timestamp":"2019-10-09T03:59:01.274Z","@version":0,"message":"currencyData is not defined"}
{"name":"faldax","level":"ERROR","@timestamp":"2019-10-09T04:00:01.279Z","@version":0,"message":"currencyData is not defined"}
{"name":"faldax","level":"ERROR","@timestamp":"2019-10-09T04:01:01.295Z","@version":0,"message":"currencyData is not defined"}
{"name":"faldax","level":"ERROR","@timestamp":"2019-10-09T04:10:01.543Z","@version":0,"message":"currencyData is not defined"}
{"name":"faldax","level":"ERROR","@timestamp":"2019-10-09T04:11:01.560Z","@version":0,"message":"currencyData is not defined"}
{"name":"faldax","level":"ERROR","@timestamp":"2019-10-09T04:12:01.555Z","@version":0,"message":"currencyData is not defined"}
{"name":"faldax","level":"ERROR","@timestamp":"2019-10-09T04:13:01.553Z","@version":0,"message":"currencyData is not defined"}
{"name":"faldax","level":"ERROR","@timestamp":"2019-10-09T04:14:01.542Z","@version":0,"message":"currencyData is not defined"}
{"name":"faldax","level":"ERROR","@timestamp":"2019-10-09T04:15:01.531Z","@version":0,"message":"currencyData is not defined"}
{"name":"faldax","level":"ERROR","@timestamp":"2019-10-09T04:16:01.562Z","@version":0,"message":"currencyData is not defined"}
{"name":"faldax","level":"ERROR","@timestamp":"2019-10-09T04:17:01.566Z","@version":0,"message":"currencyData is not defined"}
{"name":"faldax","level":"ERROR","@timestamp":"2019-10-09T04:18:01.553Z","@version":0,"message":"currencyData is not defined"}
{"name":"faldax","level":"ERROR","@timestamp":"2019-10-09T04:19:01.570Z","@version":0,"message":"currencyData is not defined"}
{"name":"faldax","level":"ERROR","@timestamp":"2019-10-09T04:20:01.579Z","@version":0,"message":"currencyData is not defined"}
{"name":"faldax","level":"ERROR","@timestamp":"2019-10-09T04:21:01.592Z","@version":0,"message":"currencyData is not defined"}
{"name":"faldax","level":"ERROR","@timestamp":"2019-10-09T04:22:01.886Z","@version":0,"message":"currencyData is not defined"}
{"name":"faldax","level":"ERROR","@timestamp":"2019-10-09T04:23:01.600Z","@version":0,"message":"currencyData is not defined"}
{"name":"faldax","level":"ERROR","@timestamp":"2019-10-09T04:24:01.539Z","@version":0,"message":"currencyData is not defined"}
{"name":"faldax","level":"ERROR","@timestamp":"2019-10-09T04:25:01.843Z","@version":0,"message":"currencyData is not defined"}
{"name":"faldax","level":"ERROR","@timestamp":"2019-10-09T04:26:01.846Z","@version":0,"message":"currencyData is not defined"}
{"name":"faldax","level":"ERROR","@timestamp":"2019-10-09T04:27:01.598Z","@version":0,"message":"currencyData is not defined"}
{"name":"faldax","level":"ERROR","@timestamp":"2019-10-09T04:28:01.858Z","@version":0,"message":"currencyData is not defined"}
{"name":"faldax","level":"ERROR","@timestamp":"2019-10-09T04:29:01.584Z","@version":0,"message":"currencyData is not defined"}
{"name":"faldax","level":"ERROR","@timestamp":"2019-10-09T04:30:02.516Z","@version":0,"message":"currencyData is not defined"}
{"name":"faldax","level":"ERROR","@timestamp":"2019-10-09T04:31:01.386Z","@version":0,"message":"currencyData is not defined"}
{"name":"faldax","level":"ERROR","@timestamp":"2019-10-09T04:32:05.116Z","@version":0,"message":"currencyData is not defined"}
{"name":"faldax","level":"ERROR","@timestamp":"2019-10-09T04:33:01.778Z","@version":0,"message":"currencyData is not defined"}
{"name":"faldax","level":"ERROR","@timestamp":"2019-10-09T04:34:01.590Z","@version":0,"message":"currencyData is not defined"}
{"name":"faldax","level":"ERROR","@timestamp":"2019-10-09T04:35:01.597Z","@version":0,"message":"currencyData is not defined"}
{"name":"faldax","level":"ERROR","@timestamp":"2019-10-09T04:36:01.638Z","@version":0,"message":"currencyData is not defined"}
{"name":"faldax","level":"ERROR","@timestamp":"2019-10-09T04:37:02.056Z","@version":0,"message":"currencyData is not defined"}
{"name":"faldax","level":"ERROR","@timestamp":"2019-10-09T04:38:01.587Z","@version":0,"message":"currencyData is not defined"}
{"name":"faldax","level":"ERROR","@timestamp":"2019-10-09T04:39:01.727Z","@version":0,"message":"currencyData is not defined"}
{"name":"faldax","level":"ERROR","@timestamp":"2019-10-09T04:40:01.658Z","@version":0,"message":"currencyData is not defined"}
{"name":"faldax","level":"ERROR","@timestamp":"2019-10-09T04:41:01.811Z","@version":0,"message":"currencyData is not defined"}
{"name":"faldax","level":"ERROR","@timestamp":"2019-10-09T04:42:01.650Z","@version":0,"message":"currencyData is not defined"}
{"name":"faldax","level":"ERROR","@timestamp":"2019-10-09T04:43:01.662Z","@version":0,"message":"currencyData is not defined"}
{"name":"faldax","level":"ERROR","@timestamp":"2019-10-09T04:44:01.674Z","@version":0,"message":"currencyData is not defined"}
{"name":"faldax","level":"ERROR","@timestamp":"2019-10-09T04:45:01.691Z","@version":0,"message":"currencyData is not defined"}
{"name":"faldax","level":"ERROR","@timestamp":"2019-10-09T04:46:01.643Z","@version":0,"message":"currencyData is not defined"}
{"name":"faldax","level":"ERROR","@timestamp":"2019-10-09T04:47:01.872Z","@version":0,"message":"currencyData is not defined"}
{"name":"faldax","level":"ERROR","@timestamp":"2019-10-09T04:48:01.672Z","@version":0,"message":"currencyData is not defined"}
{"name":"faldax","level":"ERROR","@timestamp":"2019-10-09T04:49:01.671Z","@version":0,"message":"currencyData is not defined"}
{"name":"faldax","level":"ERROR","@timestamp":"2019-10-09T04:50:01.840Z","@version":0,"message":"currencyData is not defined"}
{"name":"faldax","level":"ERROR","@timestamp":"2019-10-09T04:51:01.680Z","@version":0,"message":"currencyData is not defined"}
{"name":"faldax","level":"ERROR","@timestamp":"2019-10-09T04:52:01.705Z","@version":0,"message":"currencyData is not defined"}
{"name":"faldax","level":"ERROR","@timestamp":"2019-10-09T04:53:01.716Z","@version":0,"message":"currencyData is not defined"}
{"name":"faldax","level":"ERROR","@timestamp":"2019-10-09T04:54:01.725Z","@version":0,"message":"currencyData is not defined"}
{"name":"faldax","level":"ERROR","@timestamp":"2019-10-09T04:55:03.805Z","@version":0,"message":"currencyData is not defined"}
{"name":"faldax","level":"ERROR","@timestamp":"2019-10-09T04:56:01.748Z","@version":0,"message":"currencyData is not defined"}
{"name":"faldax","level":"ERROR","@timestamp":"2019-10-09T04:57:01.764Z","@version":0,"message":"currencyData is not defined"}
{"name":"faldax","level":"ERROR","@timestamp":"2019-10-09T04:58:01.777Z","@version":0,"message":"currencyData is not defined"}
{"name":"faldax","level":"ERROR","@timestamp":"2019-10-09T04:59:02.512Z","@version":0,"message":"currencyData is not defined"}
{"name":"faldax","level":"ERROR","@timestamp":"2019-10-09T05:00:01.760Z","@version":0,"message":"currencyData is not defined"}
{"name":"faldax","level":"ERROR","@timestamp":"2019-10-09T05:01:01.747Z","@version":0,"message":"currencyData is not defined"}
{"name":"faldax","level":"ERROR","@timestamp":"2019-10-09T05:02:01.884Z","@version":0,"message":"currencyData is not defined"}
{"name":"faldax","level":"ERROR","@timestamp":"2019-10-09T05:03:01.858Z","@version":0,"message":"currencyData is not defined"}
{"name":"faldax","level":"ERROR","@timestamp":"2019-10-09T05:04:01.866Z","@version":0,"message":"currencyData is not defined"}
{"name":"faldax","level":"ERROR","@timestamp":"2019-10-09T05:05:01.886Z","@version":0,"message":"currencyData is not defined"}
{"name":"faldax","level":"ERROR","@timestamp":"2019-10-09T05:06:02.473Z","@version":0,"message":"currencyData is not defined"}
{"name":"faldax","level":"ERROR","@timestamp":"2019-10-09T05:07:01.988Z","@version":0,"message":"currencyData is not defined"}
{"name":"faldax","level":"ERROR","@timestamp":"2019-10-09T05:08:01.952Z","@version":0,"message":"currencyData is not defined"}
{"name":"faldax","level":"ERROR","@timestamp":"2019-10-09T05:09:01.979Z","@version":0,"message":"currencyData is not defined"}
{"name":"faldax","level":"ERROR","@timestamp":"2019-10-09T05:10:01.960Z","@version":0,"message":"currencyData is not defined"}
{"name":"faldax","level":"ERROR","@timestamp":"2019-10-09T05:11:01.948Z","@version":0,"message":"currencyData is not defined"}
{"name":"faldax","level":"ERROR","@timestamp":"2019-10-09T05:12:01.945Z","@version":0,"message":"currencyData is not defined"}
{"name":"faldax","level":"ERROR","@timestamp":"2019-10-09T05:13:01.961Z","@version":0,"message":"currencyData is not defined"}
{"name":"faldax","level":"ERROR","@timestamp":"2019-10-09T05:14:02.115Z","@version":0,"message":"currencyData is not defined"}
{"name":"faldax","level":"ERROR","@timestamp":"2019-10-09T05:15:01.980Z","@version":0,"message":"currencyData is not defined"}
{"name":"faldax","level":"ERROR","@timestamp":"2019-10-09T05:16:01.958Z","@version":0,"message":"currencyData is not defined"}
{"name":"faldax","level":"ERROR","@timestamp":"2019-10-09T05:17:01.977Z","@version":0,"message":"currencyData is not defined"}
{"name":"faldax","level":"ERROR","@timestamp":"2019-10-09T05:18:01.986Z","@version":0,"message":"currencyData is not defined"}
{"name":"faldax","level":"ERROR","@timestamp":"2019-10-09T05:19:02.827Z","@version":0,"message":"currencyData is not defined"}
{"name":"faldax","level":"ERROR","@timestamp":"2019-10-09T05:20:02.036Z","@version":0,"message":"currencyData is not defined"}
{"name":"faldax","level":"ERROR","@timestamp":"2019-10-09T05:21:02.054Z","@version":0,"message":"currencyData is not defined"}
{"name":"faldax","level":"ERROR","@timestamp":"2019-10-09T05:22:02.047Z","@version":0,"message":"currencyData is not defined"}
{"name":"faldax","level":"ERROR","@timestamp":"2019-10-09T05:23:02.053Z","@version":0,"message":"currencyData is not defined"}
{"name":"faldax","level":"ERROR","@timestamp":"2019-10-09T05:24:02.039Z","@version":0,"message":"currencyData is not defined"}
{"name":"faldax","level":"ERROR","@timestamp":"2019-10-09T05:25:02.077Z","@version":0,"message":"currencyData is not defined"}
{"name":"faldax","level":"ERROR","@timestamp":"2019-10-09T05:26:02.035Z","@version":0,"message":"currencyData is not defined"}
{"name":"faldax","level":"ERROR","@timestamp":"2019-10-09T05:27:01.563Z","@version":0,"message":"currencyData is not defined"}
{"name":"faldax","level":"ERROR","@timestamp":"2019-10-09T05:28:01.598Z","@version":0,"message":"currencyData is not defined"}
{"name":"faldax","level":"ERROR","@timestamp":"2019-10-09T05:29:02.138Z","@version":0,"message":"currencyData is not defined"}
{"name":"faldax","level":"ERROR","@timestamp":"2019-10-09T05:31:01.364Z","@version":0,"message":"currencyData is not defined"}
{"name":"faldax","level":"ERROR","@timestamp":"2019-10-09T05:32:01.709Z","@version":0,"message":"currencyData is not defined"}
{"name":"faldax","level":"ERROR","@timestamp":"2019-10-09T05:35:02.144Z","@version":0,"message":"currencyData is not defined"}
{"name":"faldax","level":"ERROR","@timestamp":"2019-10-09T05:43:02.019Z","@version":0,"message":"currencyData is not defined"}
{"name":"faldax","level":"ERROR","@timestamp":"2019-10-09T05:44:01.985Z","@version":0,"message":"currencyData is not defined"}
{"name":"faldax","level":"ERROR","@timestamp":"2019-10-09T05:45:01.889Z","@version":0,"message":"currencyData is not defined"}
{"name":"faldax","level":"ERROR","@timestamp":"2019-10-09T05:46:02.094Z","@version":0,"message":"currencyData is not defined"}
{"name":"faldax","level":"ERROR","@timestamp":"2019-10-09T05:47:02.108Z","@version":0,"message":"currencyData is not defined"}
{"name":"faldax","level":"ERROR","@timestamp":"2019-10-09T05:48:02.219Z","@version":0,"message":"currencyData is not defined"}
{"name":"faldax","level":"ERROR","@timestamp":"2019-10-09T05:49:02.175Z","@version":0,"message":"currencyData is not defined"}
{"name":"faldax","level":"ERROR","@timestamp":"2019-10-09T05:50:02.126Z","@version":0,"message":"currencyData is not defined"}
{"name":"faldax","level":"ERROR","@timestamp":"2019-10-09T05:51:02.097Z","@version":0,"message":"currencyData is not defined"}
{"name":"faldax","level":"ERROR","@timestamp":"2019-10-09T05:52:02.106Z","@version":0,"message":"currencyData is not defined"}
{"name":"faldax","level":"ERROR","@timestamp":"2019-10-09T06:04:01.980Z","@version":0,"message":"currencyData is not defined"}
{"name":"faldax","level":"ERROR","@timestamp":"2019-10-09T06:05:01.968Z","@version":0,"message":"currencyData is not defined"}
{"name":"faldax","level":"ERROR","@timestamp":"2019-10-09T10:40:01.730Z","@version":0,"message":"currencyData is not defined"}
{"name":"faldax","level":"ERROR","@timestamp":"2019-10-09T10:41:01.719Z","@version":0,"message":"currencyData is not defined"}
{"name":"faldax","level":"ERROR","@timestamp":"2019-10-09T10:42:01.716Z","@version":0,"message":"currencyData is not defined"}
{"name":"faldax","level":"ERROR","@timestamp":"2019-10-09T10:42:05.841Z","@version":0,"message":"Could not run feesCalculation() because of a problem:\n------------------------------------------------------\n• Invalid \"quantity\":  Cannot use `null`.  Even though this input is optional, it still does not allow `null` to be explicitly passed in, because `null` is not a valid string.  Instead, to leave out this value, please omit it altogether or use `undefined`.  (See this input definition for more detailed usage information.  If you are the maintainer of this function, you specifically want to allow setting `null`, and you are sure your implementation already knows how to handle it, then change this input's definition to have `allowNull: true`.)\n------------------------------------------------------\n\nPlease adjust your usage and try again.\n [?] See https://sailsjs.com/support for help."}
{"name":"faldax","level":"ERROR","@timestamp":"2019-10-09T10:45:02.219Z","@version":0,"message":"currencyData is not defined"}
{"name":"faldax","level":"ERROR","@timestamp":"2019-10-09T10:46:01.233Z","@version":0,"message":"currencyData is not defined"}
{"name":"faldax","level":"ERROR","@timestamp":"2019-10-09T10:47:01.456Z","@version":0,"message":"currencyData is not defined"}
{"name":"faldax","level":"ERROR","@timestamp":"2019-10-09T10:47:56.428Z","@version":0,"message":"Cannot read property 'ask_price' of undefined"}
{"name":"faldax","level":"ERROR","@timestamp":"2019-10-09T10:48:00.502Z","@version":0,"message":"currencyData is not defined"}
{"name":"faldax","level":"ERROR","@timestamp":"2019-10-09T10:48:08.090Z","@version":0,"message":"Could not run feesCalculation() because of a problem:\n------------------------------------------------------\n• Invalid \"quantity\":  Cannot use `null`.  Even though this input is optional, it still does not allow `null` to be explicitly passed in, because `null` is not a valid string.  Instead, to leave out this value, please omit it altogether or use `undefined`.  (See this input definition for more detailed usage information.  If you are the maintainer of this function, you specifically want to allow setting `null`, and you are sure your implementation already knows how to handle it, then change this input's definition to have `allowNull: true`.)\n------------------------------------------------------\n\nPlease adjust your usage and try again.\n [?] See https://sailsjs.com/support for help."}
{"name":"faldax","level":"ERROR","@timestamp":"2019-10-09T10:50:02.024Z","@version":0,"message":"currencyData is not defined"}
{"name":"faldax","level":"ERROR","@timestamp":"2019-10-09T10:51:02.030Z","@version":0,"message":"currencyData is not defined"}
{"name":"faldax","level":"ERROR","@timestamp":"2019-10-09T10:52:23.469Z","@version":0,"message":"Could not run feesCalculation() because of a problem:\n------------------------------------------------------\n• Invalid \"quantity\":  Cannot use `null`.  Even though this input is optional, it still does not allow `null` to be explicitly passed in, because `null` is not a valid string.  Instead, to leave out this value, please omit it altogether or use `undefined`.  (See this input definition for more detailed usage information.  If you are the maintainer of this function, you specifically want to allow setting `null`, and you are sure your implementation already knows how to handle it, then change this input's definition to have `allowNull: true`.)\n------------------------------------------------------\n\nPlease adjust your usage and try again.\n [?] See https://sailsjs.com/support for help."}
{"name":"faldax","level":"ERROR","@timestamp":"2019-10-09T10:53:02.077Z","@version":0,"message":"currencyData is not defined"}
{"name":"faldax","level":"ERROR","@timestamp":"2019-10-09T10:54:01.376Z","@version":0,"message":"currencyData is not defined"}
{"name":"faldax","level":"ERROR","@timestamp":"2019-10-09T10:55:02.072Z","@version":0,"message":"currencyData is not defined"}
{"name":"faldax","level":"ERROR","@timestamp":"2019-10-09T10:55:37.380Z","@version":0,"message":"Could not run feesCalculation() because of a problem:\n------------------------------------------------------\n• Invalid \"quantity\":  Cannot use `null`.  Even though this input is optional, it still does not allow `null` to be explicitly passed in, because `null` is not a valid string.  Instead, to leave out this value, please omit it altogether or use `undefined`.  (See this input definition for more detailed usage information.  If you are the maintainer of this function, you specifically want to allow setting `null`, and you are sure your implementation already knows how to handle it, then change this input's definition to have `allowNull: true`.)\n------------------------------------------------------\n\nPlease adjust your usage and try again.\n [?] See https://sailsjs.com/support for help."}
{"name":"faldax","level":"ERROR","@timestamp":"2019-10-09T10:56:01.399Z","@version":0,"message":"currencyData is not defined"}
{"name":"faldax","level":"ERROR","@timestamp":"2019-10-09T10:56:43.472Z","@version":0,"message":"Could not run feesCalculation() because of a problem:\n------------------------------------------------------\n• Invalid \"quantity\":  Cannot use `null`.  Even though this input is optional, it still does not allow `null` to be explicitly passed in, because `null` is not a valid string.  Instead, to leave out this value, please omit it altogether or use `undefined`.  (See this input definition for more detailed usage information.  If you are the maintainer of this function, you specifically want to allow setting `null`, and you are sure your implementation already knows how to handle it, then change this input's definition to have `allowNull: true`.)\n------------------------------------------------------\n\nPlease adjust your usage and try again.\n [?] See https://sailsjs.com/support for help."}
{"name":"faldax","level":"ERROR","@timestamp":"2019-10-09T10:57:01.384Z","@version":0,"message":"currencyData is not defined"}
{"name":"faldax","level":"ERROR","@timestamp":"2019-10-09T10:57:27.918Z","@version":0,"message":"Could not run feesCalculation() because of a problem:\n------------------------------------------------------\n• Invalid \"quantity\":  Cannot use `null`.  Even though this input is optional, it still does not allow `null` to be explicitly passed in, because `null` is not a valid string.  Instead, to leave out this value, please omit it altogether or use `undefined`.  (See this input definition for more detailed usage information.  If you are the maintainer of this function, you specifically want to allow setting `null`, and you are sure your implementation already knows how to handle it, then change this input's definition to have `allowNull: true`.)\n------------------------------------------------------\n\nPlease adjust your usage and try again.\n [?] See https://sailsjs.com/support for help."}
{"name":"faldax","level":"ERROR","@timestamp":"2019-10-09T10:58:05.406Z","@version":0,"message":"currencyData is not defined"}
{"name":"faldax","level":"ERROR","@timestamp":"2019-10-09T10:58:35.084Z","@version":0,"message":"Could not run feesCalculation() because of a problem:\n------------------------------------------------------\n• Invalid \"quantity\":  Cannot use `null`.  Even though this input is optional, it still does not allow `null` to be explicitly passed in, because `null` is not a valid string.  Instead, to leave out this value, please omit it altogether or use `undefined`.  (See this input definition for more detailed usage information.  If you are the maintainer of this function, you specifically want to allow setting `null`, and you are sure your implementation already knows how to handle it, then change this input's definition to have `allowNull: true`.)\n------------------------------------------------------\n\nPlease adjust your usage and try again.\n [?] See https://sailsjs.com/support for help."}
{"name":"faldax","level":"ERROR","@timestamp":"2019-10-09T10:59:01.400Z","@version":0,"message":"currencyData is not defined"}
{"name":"faldax","level":"ERROR","@timestamp":"2019-10-09T11:00:01.838Z","@version":0,"message":"currencyData is not defined"}
{"name":"faldax","level":"ERROR","@timestamp":"2019-10-09T11:01:02.109Z","@version":0,"message":"currencyData is not defined"}
{"name":"faldax","level":"ERROR","@timestamp":"2019-10-09T11:01:53.659Z","@version":0,"message":"Could not run feesCalculation() because of a problem:\n------------------------------------------------------\n• Invalid \"quantity\":  Cannot use `null`.  Even though this input is optional, it still does not allow `null` to be explicitly passed in, because `null` is not a valid string.  Instead, to leave out this value, please omit it altogether or use `undefined`.  (See this input definition for more detailed usage information.  If you are the maintainer of this function, you specifically want to allow setting `null`, and you are sure your implementation already knows how to handle it, then change this input's definition to have `allowNull: true`.)\n------------------------------------------------------\n\nPlease adjust your usage and try again.\n [?] See https://sailsjs.com/support for help."}
{"name":"faldax","level":"ERROR","@timestamp":"2019-10-09T11:02:01.403Z","@version":0,"message":"currencyData is not defined"}
{"name":"faldax","level":"ERROR","@timestamp":"2019-10-09T11:03:02.388Z","@version":0,"message":"currencyData is not defined"}
{"name":"faldax","level":"ERROR","@timestamp":"2019-10-09T11:03:34.133Z","@version":0,"message":"Could not run feesCalculation() because of a problem:\n------------------------------------------------------\n• Invalid \"quantity\":  Cannot use `null`.  Even though this input is optional, it still does not allow `null` to be explicitly passed in, because `null` is not a valid string.  Instead, to leave out this value, please omit it altogether or use `undefined`.  (See this input definition for more detailed usage information.  If you are the maintainer of this function, you specifically want to allow setting `null`, and you are sure your implementation already knows how to handle it, then change this input's definition to have `allowNull: true`.)\n------------------------------------------------------\n\nPlease adjust your usage and try again.\n [?] See https://sailsjs.com/support for help."}
{"name":"faldax","level":"ERROR","@timestamp":"2019-10-09T11:04:01.403Z","@version":0,"message":"currencyData is not defined"}
{"name":"faldax","level":"ERROR","@timestamp":"2019-10-09T11:04:14.305Z","@version":0,"message":"Could not run feesCalculation() because of a problem:\n------------------------------------------------------\n• Invalid \"quantity\":  Cannot use `null`.  Even though this input is optional, it still does not allow `null` to be explicitly passed in, because `null` is not a valid string.  Instead, to leave out this value, please omit it altogether or use `undefined`.  (See this input definition for more detailed usage information.  If you are the maintainer of this function, you specifically want to allow setting `null`, and you are sure your implementation already knows how to handle it, then change this input's definition to have `allowNull: true`.)\n------------------------------------------------------\n\nPlease adjust your usage and try again.\n [?] See https://sailsjs.com/support for help."}
{"name":"faldax","level":"ERROR","@timestamp":"2019-10-09T11:05:02.455Z","@version":0,"message":"currencyData is not defined"}
{"name":"faldax","level":"ERROR","@timestamp":"2019-10-09T11:06:02.148Z","@version":0,"message":"currencyData is not defined"}
{"name":"faldax","level":"ERROR","@timestamp":"2019-10-09T11:07:02.125Z","@version":0,"message":"currencyData is not defined"}
{"name":"faldax","level":"ERROR","@timestamp":"2019-10-09T11:08:02.141Z","@version":0,"message":"currencyData is not defined"}
{"name":"faldax","level":"ERROR","@timestamp":"2019-10-09T11:08:29.762Z","@version":0,"message":"Could not run feesCalculation() because of a problem:\n------------------------------------------------------\n• Invalid \"quantity\":  Cannot use `null`.  Even though this input is optional, it still does not allow `null` to be explicitly passed in, because `null` is not a valid string.  Instead, to leave out this value, please omit it altogether or use `undefined`.  (See this input definition for more detailed usage information.  If you are the maintainer of this function, you specifically want to allow setting `null`, and you are sure your implementation already knows how to handle it, then change this input's definition to have `allowNull: true`.)\n------------------------------------------------------\n\nPlease adjust your usage and try again.\n [?] See https://sailsjs.com/support for help."}
{"name":"faldax","level":"ERROR","@timestamp":"2019-10-09T11:09:03.325Z","@version":0,"message":"currencyData is not defined"}
{"name":"faldax","level":"ERROR","@timestamp":"2019-10-09T11:10:00.890Z","@version":0,"message":"Could not run feesCalculation() because of a problem:\n------------------------------------------------------\n• Invalid \"quantity\":  Cannot use `null`.  Even though this input is optional, it still does not allow `null` to be explicitly passed in, because `null` is not a valid string.  Instead, to leave out this value, please omit it altogether or use `undefined`.  (See this input definition for more detailed usage information.  If you are the maintainer of this function, you specifically want to allow setting `null`, and you are sure your implementation already knows how to handle it, then change this input's definition to have `allowNull: true`.)\n------------------------------------------------------\n\nPlease adjust your usage and try again.\n [?] See https://sailsjs.com/support for help."}
{"name":"faldax","level":"ERROR","@timestamp":"2019-10-09T11:10:01.419Z","@version":0,"message":"currencyData is not defined"}
{"name":"faldax","level":"ERROR","@timestamp":"2019-10-09T11:11:02.541Z","@version":0,"message":"currencyData is not defined"}
{"name":"faldax","level":"ERROR","@timestamp":"2019-10-09T11:12:02.122Z","@version":0,"message":"currencyData is not defined"}
{"name":"faldax","level":"ERROR","@timestamp":"2019-10-09T11:13:02.355Z","@version":0,"message":"currencyData is not defined"}
{"name":"faldax","level":"ERROR","@timestamp":"2019-10-09T11:14:02.211Z","@version":0,"message":"currencyData is not defined"}
{"name":"faldax","level":"ERROR","@timestamp":"2019-10-09T11:15:02.209Z","@version":0,"message":"currencyData is not defined"}
{"name":"faldax","level":"ERROR","@timestamp":"2019-10-09T11:16:02.528Z","@version":0,"message":"currencyData is not defined"}
{"name":"faldax","level":"ERROR","@timestamp":"2019-10-09T11:17:02.134Z","@version":0,"message":"currencyData is not defined"}
{"name":"faldax","level":"ERROR","@timestamp":"2019-10-09T11:18:02.182Z","@version":0,"message":"currencyData is not defined"}
{"name":"faldax","level":"ERROR","@timestamp":"2019-10-09T11:19:02.150Z","@version":0,"message":"currencyData is not defined"}
{"name":"faldax","level":"ERROR","@timestamp":"2019-10-09T11:20:02.160Z","@version":0,"message":"currencyData is not defined"}
{"name":"faldax","level":"ERROR","@timestamp":"2019-10-09T11:21:02.181Z","@version":0,"message":"currencyData is not defined"}
{"name":"faldax","level":"ERROR","@timestamp":"2019-10-09T11:22:01.171Z","@version":0,"message":"currencyData is not defined"}
{"name":"faldax","level":"ERROR","@timestamp":"2019-10-09T11:23:01.194Z","@version":0,"message":"currencyData is not defined"}
{"name":"faldax","level":"ERROR","@timestamp":"2019-10-09T11:24:01.184Z","@version":0,"message":"currencyData is not defined"}
{"name":"faldax","level":"ERROR","@timestamp":"2019-10-09T11:25:01.482Z","@version":0,"message":"currencyData is not defined"}
{"name":"faldax","level":"ERROR","@timestamp":"2019-10-09T11:26:01.181Z","@version":0,"message":"currencyData is not defined"}
{"name":"faldax","level":"ERROR","@timestamp":"2019-10-09T11:27:01.491Z","@version":0,"message":"currencyData is not defined"}
{"name":"faldax","level":"ERROR","@timestamp":"2019-10-09T11:28:01.208Z","@version":0,"message":"currencyData is not defined"}
{"name":"faldax","level":"ERROR","@timestamp":"2019-10-09T11:29:01.179Z","@version":0,"message":"currencyData is not defined"}
